c:\users\kmaxfield\desktop\physika\glui\x64\release\glui.pdb
c:\users\kmaxfield\desktop\physika\glui\x64\release\glui_rollout.obj
c:\users\kmaxfield\desktop\physika\glui\x64\release\glui_radio.obj
c:\users\kmaxfield\desktop\physika\glui\x64\release\glui_panel.obj
c:\users\kmaxfield\desktop\physika\glui\x64\release\glui_node.obj
c:\users\kmaxfield\desktop\physika\glui\x64\release\glui_mouse_iaction.obj
c:\users\kmaxfield\desktop\physika\glui\x64\release\glui_listbox.obj
c:\users\kmaxfield\desktop\physika\glui\x64\release\glui_list.obj
c:\users\kmaxfield\desktop\physika\glui\x64\release\glui_filebrowser.obj
c:\users\kmaxfield\desktop\physika\glui\x64\release\glui_edittext.obj
c:\users\kmaxfield\desktop\physika\glui\x64\release\glui_control.obj
c:\users\kmaxfield\desktop\physika\glui\x64\release\glui_commandline.obj
c:\users\kmaxfield\desktop\physika\glui\x64\release\glui_column.obj
c:\users\kmaxfield\desktop\physika\glui\x64\release\glui_checkbox.obj
c:\users\kmaxfield\desktop\physika\glui\x64\release\glui_button.obj
c:\users\kmaxfield\desktop\physika\glui\x64\release\glui_bitmap_img_data.obj
c:\users\kmaxfield\desktop\physika\glui\x64\release\glui_bitmaps.obj
c:\users\kmaxfield\desktop\physika\glui\x64\release\glui_add_controls.obj
c:\users\kmaxfield\desktop\physika\glui\x64\release\glui.obj
c:\users\kmaxfield\desktop\physika\glui\x64\release\arcball.obj
c:\users\kmaxfield\desktop\physika\glui\x64\release\algebra3.obj
c:\users\kmaxfield\desktop\physika\glui\x64\release\viewmodel.obj
c:\users\kmaxfield\desktop\physika\glui\x64\release\quaternion.obj
c:\users\kmaxfield\desktop\physika\glui\x64\release\glui_window.obj
c:\users\kmaxfield\desktop\physika\glui\x64\release\glui_treepanel.obj
c:\users\kmaxfield\desktop\physika\glui\x64\release\glui_tree.obj
c:\users\kmaxfield\desktop\physika\glui\x64\release\glui_translation.obj
c:\users\kmaxfield\desktop\physika\glui\x64\release\glui_textbox.obj
c:\users\kmaxfield\desktop\physika\glui\x64\release\glui_string.obj
c:\users\kmaxfield\desktop\physika\glui\x64\release\glui_statictext.obj
c:\users\kmaxfield\desktop\physika\glui\x64\release\glui_spinner.obj
c:\users\kmaxfield\desktop\physika\glui\x64\release\glui_separator.obj
c:\users\kmaxfield\desktop\physika\glui\x64\release\glui_scrollbar.obj
c:\users\kmaxfield\desktop\physika\glui\x64\release\glui_rotation.obj
c:\users\kmaxfield\desktop\physika\glui\x64\release\glui_img_spinup_dis.obj
c:\users\kmaxfield\desktop\physika\glui\x64\release\glui_img_spinup_1.obj
c:\users\kmaxfield\desktop\physika\glui\x64\release\glui_img_spinup_0.obj
c:\users\kmaxfield\desktop\physika\glui\x64\release\glui_img_spindown_dis.obj
c:\users\kmaxfield\desktop\physika\glui\x64\release\glui_img_spindown_1.obj
c:\users\kmaxfield\desktop\physika\glui\x64\release\glui_img_spindown_0.obj
c:\users\kmaxfield\desktop\physika\glui\x64\release\glui_img_rightarrow.obj
c:\users\kmaxfield\desktop\physika\glui\x64\release\glui_img_radiobutton_1_dis.obj
c:\users\kmaxfield\desktop\physika\glui\x64\release\glui_img_radiobutton_1.obj
c:\users\kmaxfield\desktop\physika\glui\x64\release\glui_img_radiobutton_0_dis.obj
c:\users\kmaxfield\desktop\physika\glui\x64\release\glui_img_radiobutton_0.obj
c:\users\kmaxfield\desktop\physika\glui\x64\release\glui_img_listbox_up_dis.obj
c:\users\kmaxfield\desktop\physika\glui\x64\release\glui_img_listbox_up.obj
c:\users\kmaxfield\desktop\physika\glui\x64\release\glui_img_listbox_down.obj
c:\users\kmaxfield\desktop\physika\glui\x64\release\glui_img_leftarrow.obj
c:\users\kmaxfield\desktop\physika\glui\x64\release\glui_img_downarrow.obj
c:\users\kmaxfield\desktop\physika\glui\x64\release\glui_img_checkbox_1_dis.obj
c:\users\kmaxfield\desktop\physika\glui\x64\release\glui_img_checkbox_1.obj
c:\users\kmaxfield\desktop\physika\glui\x64\release\glui_img_checkbox_0_dis.obj
c:\users\kmaxfield\desktop\physika\glui\x64\release\glui_img_checkbox_0.obj
c:\users\kmaxfield\desktop\physika\glui\x64\release\glui_img_uparrow.obj
c:\users\kmaxfield\desktop\physika\x64\release\glui.lib
c:\users\kmaxfield\desktop\physika\glui\x64\release\glui.tlog\cl.command.1.tlog
c:\users\kmaxfield\desktop\physika\glui\x64\release\glui.tlog\cl.read.1.tlog
c:\users\kmaxfield\desktop\physika\glui\x64\release\glui.tlog\cl.write.1.tlog
c:\users\kmaxfield\desktop\physika\glui\x64\release\glui.tlog\lib-link.read.1.tlog
c:\users\kmaxfield\desktop\physika\glui\x64\release\glui.tlog\lib-link.write.1.tlog
c:\users\kmaxfield\desktop\physika\glui\x64\release\glui.tlog\lib.command.1.tlog
