  glui.cpp
source\glui.cpp(599): warning C4244: 'argument': conversion from 'double' to 'GLfloat', possible loss of data
source\glui.cpp(602): warning C4244: 'argument': conversion from 'double' to 'GLfloat', possible loss of data
source\glui.cpp(1922): warning C4244: 'argument': conversion from 'double' to 'GLfloat', possible loss of data
source\glui.cpp(1925): warning C4244: 'argument': conversion from 'double' to 'GLfloat', possible loss of data
  glui_add_controls.cpp
  glui_bitmaps.cpp
  glui_button.cpp
  glui_checkbox.cpp
  glui_column.cpp
  glui_commandline.cpp
  glui_control.cpp
source\glui_control.cpp(215): warning C4244: 'argument': conversion from 'double' to 'GLfloat', possible loss of data
source\glui_control.cpp(904): warning C4996: 'strncpy': This function or variable may be unsafe. Consider using strncpy_s instead. To disable deprecation, use _CRT_SECURE_NO_WARNINGS. See online help for details.
  C:\Program Files (x86)\Windows Kits\10\Include\10.0.10240.0\ucrt\string.h(346): note: see declaration of 'strncpy'
  glui_edittext.cpp
source\glui_edittext.cpp(492): warning C4244: '=': conversion from 'double' to 'float', possible loss of data
source\glui_edittext.cpp(1142): warning C4996: 'sprintf': This function or variable may be unsafe. Consider using sprintf_s instead. To disable deprecation, use _CRT_SECURE_NO_WARNINGS. See online help for details.
  C:\Program Files (x86)\Windows Kits\10\Include\10.0.10240.0\ucrt\stdio.h(1769): note: see declaration of 'sprintf'
source\glui_edittext.cpp(1163): warning C4996: 'sprintf': This function or variable may be unsafe. Consider using sprintf_s instead. To disable deprecation, use _CRT_SECURE_NO_WARNINGS. See online help for details.
  C:\Program Files (x86)\Windows Kits\10\Include\10.0.10240.0\ucrt\stdio.h(1769): note: see declaration of 'sprintf'
  glui_filebrowser.cpp
source\glui_filebrowser.cpp(119): warning C4267: 'initializing': conversion from 'size_t' to 'int', possible loss of data
  glui_list.cpp
source\glui_list.cpp(105): warning C4244: '=': conversion from 'time_t' to 'unsigned long', possible loss of data
source\glui_list.cpp(238): warning C4305: 'argument': truncation from 'double' to 'GLfloat'
source\glui_list.cpp(275): warning C4244: 'argument': conversion from 'int' to 'GLfloat', possible loss of data
  glui_listbox.cpp
source\glui_listbox.cpp(113): warning C4305: 'argument': truncation from 'double' to 'float'
  glui_mouse_iaction.cpp
source\glui_mouse_iaction.cpp(161): warning C4244: 'argument': conversion from 'double' to 'GLfloat', possible loss of data
source\glui_mouse_iaction.cpp(164): warning C4244: 'argument': conversion from 'double' to 'GLfloat', possible loss of data
source\glui_mouse_iaction.cpp(166): warning C4244: 'argument': conversion from 'double' to 'GLfloat', possible loss of data
source\glui_mouse_iaction.cpp(168): warning C4244: 'argument': conversion from 'double' to 'GLfloat', possible loss of data
source\glui_mouse_iaction.cpp(197): warning C4244: 'argument': conversion from 'double' to 'GLfloat', possible loss of data
source\glui_mouse_iaction.cpp(198): warning C4244: 'argument': conversion from 'double' to 'GLfloat', possible loss of data
  glui_node.cpp
  glui_panel.cpp
  glui_radio.cpp
source\glui_radio.cpp(95): warning C4244: 'argument': conversion from 'int' to 'GLfloat', possible loss of data
  glui_rollout.cpp
  glui_rotation.cpp
source\glui_rotation.cpp(120): warning C4305: 'argument': truncation from 'double' to 'float'
source\glui_rotation.cpp(136): warning C4244: '=': conversion from 'double' to 'float', possible loss of data
source\glui_rotation.cpp(143): warning C4244: 'initializing': conversion from 'double' to 'float', possible loss of data
source\glui_rotation.cpp(144): warning C4244: 'argument': conversion from 'double' to 'float', possible loss of data
source\glui_rotation.cpp(153): warning C4244: 'initializing': conversion from 'double' to 'float', possible loss of data
source\glui_rotation.cpp(154): warning C4244: 'argument': conversion from 'double' to 'float', possible loss of data
source\glui_rotation.cpp(310): warning C4244: 'argument': conversion from 'double' to 'GLfloat', possible loss of data
source\glui_rotation.cpp(411): warning C4244: 'argument': conversion from 'double' to 'float', possible loss of data
  glui_scrollbar.cpp
source\glui_scrollbar.cpp(368): warning C4244: 'argument': conversion from 'int' to 'GLfloat', possible loss of data
source\glui_scrollbar.cpp(373): warning C4244: 'argument': conversion from 'int' to 'GLfloat', possible loss of data
source\glui_scrollbar.cpp(397): warning C4244: 'initializing': conversion from 'int' to 'float', possible loss of data
source\glui_scrollbar.cpp(398): warning C4244: 'initializing': conversion from 'int' to 'float', possible loss of data
source\glui_scrollbar.cpp(399): warning C4244: 'initializing': conversion from 'int' to 'float', possible loss of data
source\glui_scrollbar.cpp(400): warning C4244: 'initializing': conversion from 'int' to 'float', possible loss of data
source\glui_scrollbar.cpp(614): warning C4244: '=': conversion from 'double' to 'float', possible loss of data
source\glui_scrollbar.cpp(776): warning C4244: '=': conversion from 'int' to 'float', possible loss of data
source\glui_scrollbar.cpp(815): warning C4244: '=': conversion from 'int' to 'float', possible loss of data
source\glui_scrollbar.cpp(816): warning C4244: '=': conversion from 'int' to 'float', possible loss of data
  glui_separator.cpp
  Compiling...
  glui_spinner.cpp
source\glui_spinner.cpp(153): warning C4244: 'argument': conversion from 'double' to 'float', possible loss of data
source\glui_spinner.cpp(155): warning C4244: 'argument': conversion from 'double' to 'float', possible loss of data
  glui_statictext.cpp
  glui_string.cpp
source\glui_string.cpp(48): warning C4996: '_vsnprintf': This function or variable may be unsafe. Consider using _vsnprintf_s instead. To disable deprecation, use _CRT_SECURE_NO_WARNINGS. See online help for details.
  C:\Program Files (x86)\Windows Kits\10\Include\10.0.10240.0\ucrt\stdio.h(1396): note: see declaration of '_vsnprintf'
  glui_textbox.cpp
source\glui_textbox.cpp(349): warning C4267: '=': conversion from 'size_t' to 'int', possible loss of data
source\glui_textbox.cpp(432): warning C4305: 'argument': truncation from 'double' to 'GLfloat'
source\glui_textbox.cpp(443): warning C4267: '=': conversion from 'size_t' to 'int', possible loss of data
source\glui_textbox.cpp(488): warning C4244: 'argument': conversion from 'int' to 'GLfloat', possible loss of data
source\glui_textbox.cpp(501): warning C4267: 'initializing': conversion from 'size_t' to 'int', possible loss of data
source\glui_textbox.cpp(681): warning C4267: 'initializing': conversion from 'size_t' to 'int', possible loss of data
source\glui_textbox.cpp(794): warning C4267: '=': conversion from 'size_t' to 'int', possible loss of data
source\glui_textbox.cpp(952): warning C4267: '=': conversion from 'size_t' to 'int', possible loss of data
source\glui_textbox.cpp(963): warning C4267: '=': conversion from 'size_t' to 'int', possible loss of data
source\glui_textbox.cpp(965): warning C4267: '=': conversion from 'size_t' to 'int', possible loss of data
source\glui_textbox.cpp(967): warning C4267: '=': conversion from 'size_t' to 'int', possible loss of data
source\glui_textbox.cpp(989): warning C4267: 'initializing': conversion from 'size_t' to 'int', possible loss of data
source\glui_textbox.cpp(1051): warning C4267: '=': conversion from 'size_t' to 'int', possible loss of data
source\glui_textbox.cpp(1073): warning C4477: 'fprintf' : format string '%d' requires an argument of type 'int', but variadic argument 9 has type 'unsigned __int64'
  source\glui_textbox.cpp(1073): note: consider using '%zd' in the format string
  glui_translation.cpp
source\glui_translation.cpp(200): warning C4244: '=': conversion from 'double' to 'float', possible loss of data
source\glui_translation.cpp(345): warning C4305: 'initializing': truncation from 'double' to 'float'
source\glui_translation.cpp(352): warning C4305: 'argument': truncation from 'double' to 'float'
source\glui_translation.cpp(353): warning C4305: 'argument': truncation from 'double' to 'float'
source\glui_translation.cpp(372): warning C4244: '=': conversion from 'double' to 'float', possible loss of data
source\glui_translation.cpp(374): warning C4244: '=': conversion from 'double' to 'float', possible loss of data
source\glui_translation.cpp(431): warning C4244: 'argument': conversion from 'double' to 'GLfloat', possible loss of data
source\glui_translation.cpp(434): warning C4305: 'argument': truncation from 'double' to 'GLfloat'
source\glui_translation.cpp(463): warning C4244: 'argument': conversion from 'double' to 'GLfloat', possible loss of data
source\glui_translation.cpp(464): warning C4244: 'argument': conversion from 'double' to 'GLfloat', possible loss of data
source\glui_translation.cpp(465): warning C4244: 'argument': conversion from 'double' to 'GLfloat', possible loss of data
source\glui_translation.cpp(466): warning C4244: 'argument': conversion from 'double' to 'GLfloat', possible loss of data
source\glui_translation.cpp(467): warning C4244: 'argument': conversion from 'double' to 'GLfloat', possible loss of data
source\glui_translation.cpp(468): warning C4244: 'argument': conversion from 'double' to 'GLfloat', possible loss of data
  glui_tree.cpp
  glui_treepanel.cpp
source\glui_treepanel.cpp(211): warning C4305: 'argument': truncation from 'double' to 'float'
source\glui_treepanel.cpp(212): warning C4305: 'argument': truncation from 'double' to 'float'
source\glui_treepanel.cpp(213): warning C4305: 'argument': truncation from 'double' to 'float'
source\glui_treepanel.cpp(214): warning C4305: 'argument': truncation from 'double' to 'float'
source\glui_treepanel.cpp(215): warning C4305: 'argument': truncation from 'double' to 'float'
source\glui_treepanel.cpp(216): warning C4305: 'argument': truncation from 'double' to 'float'
source\glui_treepanel.cpp(217): warning C4305: 'argument': truncation from 'double' to 'float'
  glui_window.cpp
  viewmodel.cpp
  GLUI.vcxproj -> C:\Users\kmaxfield\Desktop\Team289\x64\Release\glui32.lib
